# JRE version: OpenJDK Runtime Environment (8.0_112-b06) (build 1.8.0_112-release-b06)
# Java VM: OpenJDK 64-Bit Server VM (25.112-b06 mixed mode linux-amd64 compressed oops)
Heap:
 PSYoungGen      total 297984K, used 241849K [0x00000000e0000000, 0x00000000f6900000, 0x0000000100000000)
  eden space 235520K, 99% used [0x00000000e0000000,0x00000000ee5c8238,0x00000000ee600000)
  from space 62464K, 10% used [0x00000000f2c00000,0x00000000f3266500,0x00000000f6900000)
  to   space 67072K, 0% used [0x00000000ee600000,0x00000000ee600000,0x00000000f2780000)
 ParOldGen       total 174592K, used 110812K [0x00000000a0000000, 0x00000000aaa80000, 0x00000000e0000000)
  object space 174592K, 63% used [0x00000000a0000000,0x00000000a6c370a8,0x00000000aaa80000)
 Metaspace       used 76928K, capacity 83916K, committed 84184K, reserved 1122304K
  class space    used 9812K, capacity 10699K, committed 10752K, reserved 1048576K
GC Heap History (10 events):
Event: 9020.941 GC heap before
{Heap before GC invocations=47 (full 3):
 PSYoungGen      total 252416K, used 251996K [0x00000000e0000000, 0x00000000f7380000, 0x0000000100000000)
  eden space 240128K, 100% used [0x00000000e0000000,0x00000000eea80000,0x00000000eea80000)
  from space 12288K, 96% used [0x00000000ef280000,0x00000000efe17388,0x00000000efe80000)
  to   space 70144K, 0% used [0x00000000f2f00000,0x00000000f2f00000,0x00000000f7380000)
 ParOldGen       total 174592K, used 109972K [0x00000000a0000000, 0x00000000aaa80000, 0x00000000e0000000)
  object space 174592K, 62% used [0x00000000a0000000,0x00000000a6b650a8,0x00000000aaa80000)
 Metaspace       used 75508K, capacity 82018K, committed 82264K, reserved 1120256K
  class space    used 9663K, capacity 10503K, committed 10624K, reserved 1048576K
Event: 9020.947 GC heap after
Heap after GC invocations=47 (full 3):
 PSYoungGen      total 293888K, used 3299K [0x00000000e0000000, 0x00000000f6b00000, 0x0000000100000000)
  eden space 232448K, 0% used [0x00000000e0000000,0x00000000e0000000,0x00000000ee300000)
  from space 61440K, 5% used [0x00000000f2f00000,0x00000000f3238e48,0x00000000f6b00000)
  to   space 69632K, 0% used [0x00000000ee300000,0x00000000ee300000,0x00000000f2700000)
 ParOldGen       total 174592K, used 110036K [0x00000000a0000000, 0x00000000aaa80000, 0x00000000e0000000)
  object space 174592K, 63% used [0x00000000a0000000,0x00000000a6b750a8,0x00000000aaa80000)
 Metaspace       used 75508K, capacity 82018K, committed 82264K, reserved 1120256K
  class space    used 9663K, capacity 10503K, committed 10624K, reserved 1048576K
}
Event: 9034.691 GC heap before
{Heap before GC invocations=48 (full 3):
 PSYoungGen      total 293888K, used 235747K [0x00000000e0000000, 0x00000000f6b00000, 0x0000000100000000)
  eden space 232448K, 100% used [0x00000000e0000000,0x00000000ee300000,0x00000000ee300000)
  from space 61440K, 5% used [0x00000000f2f00000,0x00000000f3238e48,0x00000000f6b00000)
  to   space 69632K, 0% used [0x00000000ee300000,0x00000000ee300000,0x00000000f2700000)
 ParOldGen       total 174592K, used 110036K [0x00000000a0000000, 0x00000000aaa80000, 0x00000000e0000000)
  object space 174592K, 63% used [0x00000000a0000000,0x00000000a6b750a8,0x00000000aaa80000)
 Metaspace       used 75597K, capacity 82236K, committed 82520K, reserved 1122304K
  class space    used 9674K, capacity 10513K, committed 10624K, reserved 1048576K
Event: 9034.717 GC heap after
Heap after GC invocations=48 (full 3):
 PSYoungGen      total 247808K, used 22088K [0x00000000e0000000, 0x00000000f5d00000, 0x0000000100000000)
  eden space 225280K, 0% used [0x00000000e0000000,0x00000000e0000000,0x00000000edc00000)
  from space 22528K, 98% used [0x00000000ee300000,0x00000000ef8923f0,0x00000000ef900000)
  to   space 66048K, 0% used [0x00000000f1c80000,0x00000000f1c80000,0x00000000f5d00000)
 ParOldGen       total 174592K, used 110108K [0x00000000a0000000, 0x00000000aaa80000, 0x00000000e0000000)
  object space 174592K, 63% used [0x00000000a0000000,0x00000000a6b870a8,0x00000000aaa80000)
 Metaspace       used 75597K, capacity 82236K, committed 82520K, reserved 1122304K
  class space    used 9674K, capacity 10513K, committed 10624K, reserved 1048576K
}
Event: 9116.410 GC heap before
{Heap before GC invocations=49 (full 3):
 PSYoungGen      total 247808K, used 247368K [0x00000000e0000000, 0x00000000f5d00000, 0x0000000100000000)
  eden space 225280K, 100% used [0x00000000e0000000,0x00000000edc00000,0x00000000edc00000)
  from space 22528K, 98% used [0x00000000ee300000,0x00000000ef8923f0,0x00000000ef900000)
  to   space 66048K, 0% used [0x00000000f1c80000,0x00000000f1c80000,0x00000000f5d00000)
 ParOldGen       total 174592K, used 110108K [0x00000000a0000000, 0x00000000aaa80000, 0x00000000e0000000)
  object space 174592K, 63% used [0x00000000a0000000,0x00000000a6b870a8,0x00000000aaa80000)
 Metaspace       used 75638K, capacity 82324K, committed 82520K, reserved 1122304K
  class space    used 9682K, capacity 10521K, committed 10624K, reserved 1048576K
Event: 9116.417 GC heap after
Heap after GC invocations=49 (full 3):
 PSYoungGen      total 275968K, used 3395K [0x00000000e0000000, 0x00000000f5500000, 0x0000000100000000)
  eden space 218112K, 0% used [0x00000000e0000000,0x00000000e0000000,0x00000000ed500000)
  from space 57856K, 5% used [0x00000000f1c80000,0x00000000f1fd0e58,0x00000000f5500000)
  to   space 65536K, 0% used [0x00000000ed500000,0x00000000ed500000,0x00000000f1500000)
 ParOldGen       total 174592K, used 110604K [0x00000000a0000000, 0x00000000aaa80000, 0x00000000e0000000)
  object space 174592K, 63% used [0x00000000a0000000,0x00000000a6c030a8,0x00000000aaa80000)
 Metaspace       used 75638K, capacity 82324K, committed 82520K, reserved 1122304K
  class space    used 9682K, capacity 10521K, committed 10624K, reserved 1048576K
}
Event: 9117.040 GC heap before
{Heap before GC invocations=50 (full 3):
 PSYoungGen      total 275968K, used 221507K [0x00000000e0000000, 0x00000000f5500000, 0x0000000100000000)
  eden space 218112K, 100% used [0x00000000e0000000,0x00000000ed500000,0x00000000ed500000)
  from space 57856K, 5% used [0x00000000f1c80000,0x00000000f1fd0e58,0x00000000f5500000)
  to   space 65536K, 0% used [0x00000000ed500000,0x00000000ed500000,0x00000000f1500000)
 ParOldGen       total 174592K, used 110604K [0x00000000a0000000, 0x00000000aaa80000, 0x00000000e0000000)
  object space 174592K, 63% used [0x00000000a0000000,0x00000000a6c030a8,0x00000000aaa80000)
 Metaspace       used 75659K, capacity 82324K, committed 82520K, reserved 1122304K
  class space    used 9682K, capacity 10521K, committed 10624K, reserved 1048576K
Event: 9117.081 GC heap after
Heap after GC invocations=50 (full 3):
 PSYoungGen      total 283648K, used 41631K [0x00000000e0000000, 0x00000000f6e80000, 0x0000000100000000)
  eden space 218112K, 0% used [0x00000000e0000000,0x00000000e0000000,0x00000000ed500000)
  from space 65536K, 63% used [0x00000000ed500000,0x00000000efda7fd8,0x00000000f1500000)
  to   space 68096K, 0% used [0x00000000f2c00000,0x00000000f2c00000,0x00000000f6e80000)
 ParOldGen       total 174592K, used 110772K [0x00000000a0000000, 0x00000000aaa80000, 0x00000000e0000000)
  object space 174592K, 63% used [0x00000000a0000000,0x00000000a6c2d0a8,0x00000000aaa80000)
 Metaspace       used 75659K, capacity 82324K, committed 82520K, reserved 1122304K
  class space    used 9682K, capacity 10521K, committed 10624K, reserved 1048576K
}
Event: 10051.296 GC heap before
{Heap before GC invocations=51 (full 3):
 PSYoungGen      total 283648K, used 259743K [0x00000000e0000000, 0x00000000f6e80000, 0x0000000100000000)
  eden space 218112K, 100% used [0x00000000e0000000,0x00000000ed500000,0x00000000ed500000)
  from space 65536K, 63% used [0x00000000ed500000,0x00000000efda7fd8,0x00000000f1500000)
  to   space 68096K, 0% used [0x00000000f2c00000,0x00000000f2c00000,0x00000000f6e80000)
 ParOldGen       total 174592K, used 110772K [0x00000000a0000000, 0x00000000aaa80000, 0x00000000e0000000)
  object space 174592K, 63% used [0x00000000a0000000,0x00000000a6c2d0a8,0x00000000aaa80000)
 Metaspace       used 76250K, capacity 83044K, committed 83416K, reserved 1122304K
  class space    used 9749K, capacity 10629K, committed 10752K, reserved 1048576K
Event: 10051.306 GC heap after
Heap after GC invocations=51 (full 3):
 PSYoungGen      total 297984K, used 6553K [0x00000000e0000000, 0x00000000f6900000, 0x0000000100000000)
  eden space 235520K, 0% used [0x00000000e0000000,0x00000000e0000000,0x00000000ee600000)
  from space 62464K, 10% used [0x00000000f2c00000,0x00000000f3266500,0x00000000f6900000)
  to   space 67072K, 0% used [0x00000000ee600000,0x00000000ee600000,0x00000000f2780000)
 ParOldGen       total 174592K, used 110812K [0x00000000a0000000, 0x00000000aaa80000, 0x00000000e0000000)
  object space 174592K, 63% used [0x00000000a0000000,0x00000000a6c370a8,0x00000000aaa80000)
 Metaspace       used 76250K, capacity 83044K, committed 83416K, reserved 1122304K
  class space    used 9749K, capacity 10629K, committed 10752K, reserved 1048576K
}

